  [1m[35m (587.7ms)[0m  [1m[35mCREATE DATABASE "FirstRoutes_development" ENCODING = 'unicode'[0m
  ↳ bin/rails:9
  [1m[35m (260.7ms)[0m  [1m[35mCREATE DATABASE "FirstRoutes_test" ENCODING = 'unicode'[0m
  ↳ bin/rails:9
Started GET "/" for 127.0.0.1 at 2018-09-10 14:06:28 -0700
Processing by Rails::WelcomeController#index as HTML
  Rendering /usr/local/var/rbenv/versions/2.3.1/lib/ruby/gems/2.3.0/gems/railties-5.2.1/lib/rails/templates/rails/welcome/index.html.erb
  Rendered /usr/local/var/rbenv/versions/2.3.1/lib/ruby/gems/2.3.0/gems/railties-5.2.1/lib/rails/templates/rails/welcome/index.html.erb (6.4ms)
Completed 200 OK in 105ms (Views: 15.3ms | ActiveRecord: 0.0ms)


Started GET "/users" for 127.0.0.1 at 2018-09-10 14:15:38 -0700

AbstractController::ActionNotFound - The action 'index' could not be found for UsersController:

Started GET "/users" for 127.0.0.1 at 2018-09-10 14:16:06 -0700

AbstractController::ActionNotFound - The action 'index' could not be found for UsersController:

Started GET "/users" for 127.0.0.1 at 2018-09-10 14:18:36 -0700
Processing by UsersController#index as */*
No template found for UsersController#index, rendering head :no_content
Completed 204 No Content in 221ms (ActiveRecord: 0.0ms)


Started GET "/users" for 127.0.0.1 at 2018-09-10 14:19:31 -0700
Processing by UsersController#index as HTML
Completed 406 Not Acceptable in 132ms (ActiveRecord: 0.0ms)



ActionController::UnknownFormat - UsersController#index is missing a template for this request format and variant.

request.formats: ["text/html"]
request.variant: []

NOTE! For XHR/Ajax or API requests, this action would normally respond with 204 No Content: an empty white screen. Since you're loading it in a web browser, we assume that you expected to actually render a template, not nothing, so we're showing an error to be extra-clear. If you expect 204 No Content, carry on. That's what you'll get from an XHR or API request. Give it a shot.:

Started POST "/__better_errors/4e576ca84193fc33/variables" for 127.0.0.1 at 2018-09-10 14:19:32 -0700
Started GET "/users" for 127.0.0.1 at 2018-09-10 14:20:48 -0700
Processing by UsersController#index as */*
  Rendering text template
  Rendered text template (0.0ms)
Completed 200 OK in 24ms (Views: 23.7ms | ActiveRecord: 0.0ms)


Started GET "/users?fav_food=pizza" for 127.0.0.1 at 2018-09-10 14:22:19 -0700
Processing by UsersController#index as */*
  Parameters: {"fav_food"=>"pizza"}
  Rendering text template
  Rendered text template (0.0ms)
Completed 200 OK in 1ms (Views: 0.6ms | ActiveRecord: 0.0ms)


Started GET "/users?admin=true" for 127.0.0.1 at 2018-09-10 14:22:59 -0700
Processing by UsersController#index as */*
  Parameters: {"admin"=>"true"}
  Rendering text template
  Rendered text template (0.0ms)
Completed 200 OK in 3ms (Views: 0.9ms | ActiveRecord: 0.0ms)


Started POST "/users" for 127.0.0.1 at 2018-09-10 14:24:35 -0700

AbstractController::ActionNotFound - The action 'create' could not be found for UsersController:

Started POST "/users" for 127.0.0.1 at 2018-09-10 14:25:17 -0700
Processing by UsersController#create as */*
  Parameters: {"age"=>"14", "admin"=>"true", "job"=>"programmer"}
  Rendering text template
  Rendered text template (0.0ms)
Completed 200 OK in 2ms (Views: 1.2ms | ActiveRecord: 0.0ms)


Started POST "/users" for 127.0.0.1 at 2018-09-10 14:25:27 -0700
Processing by UsersController#create as */*
  Parameters: {"age"=>"14", "admin"=>"true", "job"=>"programmer"}
  Rendering text template
  Rendered text template (0.1ms)
Completed 200 OK in 1ms (Views: 0.9ms | ActiveRecord: 0.0ms)


Started POST "/users" for 127.0.0.1 at 2018-09-10 14:26:23 -0700
Processing by UsersController#create as */*
  Parameters: {"age"=>"14", "admin"=>"true", "job"=>"programmer"}
Completed 200 OK in 1ms (Views: 0.3ms | ActiveRecord: 0.0ms)


Started GET "/users/2" for 127.0.0.1 at 2018-09-10 14:28:35 -0700

AbstractController::ActionNotFound - The action 'show' could not be found for UsersController:

Started GET "/users/2" for 127.0.0.1 at 2018-09-10 14:29:20 -0700
Processing by UsersController#show as */*
  Parameters: {"id"=>"2"}
Completed 200 OK in 1ms (Views: 0.2ms | ActiveRecord: 0.0ms)


Started GET "/users?some_category[a_key]=another+value&some_category[a_second_key]=yet+another+value" for 127.0.0.1 at 2018-09-10 14:32:13 -0700
Processing by UsersController#index as */*
  Parameters: {"some_category"=>{"a_key"=>"another value", "a_second_key"=>"yet another value"}}
  Rendering text template
  Rendered text template (0.0ms)
Completed 200 OK in 1ms (Views: 0.9ms | ActiveRecord: 0.0ms)


Started POST "/users?some_category[a_key]=another+value&some_category[a_second_key]=yet+another+value" for 127.0.0.1 at 2018-09-10 14:32:52 -0700
Processing by UsersController#create as */*
  Parameters: {"age"=>"14", "admin"=>"true", "job"=>"programmer", "some_category"=>{"a_key"=>"another value", "a_second_key"=>"yet another value"}}
Completed 200 OK in 2ms (Views: 1.2ms | ActiveRecord: 0.0ms)


Started POST "/users?some_category[a_key]=another+value&some_category[a_second_key]=yet+another+value" for 127.0.0.1 at 2018-09-10 14:34:17 -0700
Processing by UsersController#create as */*
  Parameters: {"age"=>"14", "admin"=>"true", "job"=>"programmer", "some_category"=>{"a_key"=>"another value", "a_second_key"=>"yet another value"}, "some_category2"=>{"c_key"=>"this thing", "c_name"=>"rip"}}
Completed 200 OK in 1ms (Views: 0.4ms | ActiveRecord: 0.0ms)


  [1m[35m (325.5ms)[0m  [1m[35mCREATE TABLE "schema_migrations" ("version" character varying NOT NULL PRIMARY KEY)[0m
  ↳ bin/rails:9
  [1m[35m (21.0ms)[0m  [1m[35mCREATE TABLE "ar_internal_metadata" ("key" character varying NOT NULL PRIMARY KEY, "value" character varying, "created_at" timestamp NOT NULL, "updated_at" timestamp NOT NULL)[0m
  ↳ bin/rails:9
  [1m[35m (37.0ms)[0m  [1m[34mSELECT pg_try_advisory_lock(5947462904764865085)[0m
  ↳ bin/rails:9
  [1m[35m (10.5ms)[0m  [1m[34mSELECT "schema_migrations"."version" FROM "schema_migrations" ORDER BY "schema_migrations"."version" ASC[0m
  ↳ bin/rails:9
Migrating to CreateUsers (20180910213650)
  [1m[35m (15.7ms)[0m  [1m[35mBEGIN[0m
  ↳ bin/rails:9
  [1m[35m (59.0ms)[0m  [1m[35mCREATE TABLE "users" ("id" bigserial primary key, "username" character varying NOT NULL, "email" character varying NOT NULL, "created_at" timestamp NOT NULL, "updated_at" timestamp NOT NULL)[0m
  ↳ db/migrate/20180910213650_create_users.rb:3
  [1m[36mActiveRecord::SchemaMigration Create (58.4ms)[0m  [1m[32mINSERT INTO "schema_migrations" ("version") VALUES ($1) RETURNING "version"[0m  [["version", "20180910213650"]]
  ↳ bin/rails:9
  [1m[35m (0.7ms)[0m  [1m[35mCOMMIT[0m
  ↳ bin/rails:9
  [1m[36mActiveRecord::InternalMetadata Load (11.9ms)[0m  [1m[34mSELECT  "ar_internal_metadata".* FROM "ar_internal_metadata" WHERE "ar_internal_metadata"."key" = $1 LIMIT $2[0m  [["key", "environment"], ["LIMIT", 1]]
  ↳ bin/rails:9
  [1m[35m (0.2ms)[0m  [1m[35mBEGIN[0m
  ↳ bin/rails:9
  [1m[36mActiveRecord::InternalMetadata Create (12.6ms)[0m  [1m[32mINSERT INTO "ar_internal_metadata" ("key", "value", "created_at", "updated_at") VALUES ($1, $2, $3, $4) RETURNING "key"[0m  [["key", "environment"], ["value", "development"], ["created_at", "2018-09-10 21:38:45.455422"], ["updated_at", "2018-09-10 21:38:45.455422"]]
  ↳ bin/rails:9
  [1m[35m (0.5ms)[0m  [1m[35mCOMMIT[0m
  ↳ bin/rails:9
  [1m[35m (0.4ms)[0m  [1m[34mSELECT pg_advisory_unlock(5947462904764865085)[0m
  ↳ bin/rails:9
  [1m[35m (0.7ms)[0m  [1m[34mSELECT "schema_migrations"."version" FROM "schema_migrations" ORDER BY "schema_migrations"."version" ASC[0m
  ↳ bin/rails:9
  [1m[35m (0.2ms)[0m  [1m[35mBEGIN[0m
  [1m[36mUser Create (1.8ms)[0m  [1m[32mINSERT INTO "users" ("username", "email", "created_at", "updated_at") VALUES ($1, $2, $3, $4) RETURNING "id"[0m  [["username", "jon_smith"], ["email", "jon@smith.com"], ["created_at", "2018-09-10 21:41:36.371991"], ["updated_at", "2018-09-10 21:41:36.371991"]]
  [1m[35m (0.6ms)[0m  [1m[35mCOMMIT[0m
  [1m[35m (0.2ms)[0m  [1m[35mBEGIN[0m
  [1m[36mUser Create (0.6ms)[0m  [1m[32mINSERT INTO "users" ("username", "email", "created_at", "updated_at") VALUES ($1, $2, $3, $4) RETURNING "id"[0m  [["username", "steve_salesberry"], ["email", "steve@salesberry.com"], ["created_at", "2018-09-10 21:42:14.670749"], ["updated_at", "2018-09-10 21:42:14.670749"]]
  [1m[35m (0.7ms)[0m  [1m[35mCOMMIT[0m
  [1m[35m (0.2ms)[0m  [1m[35mBEGIN[0m
  [1m[36mUser Create (0.5ms)[0m  [1m[32mINSERT INTO "users" ("username", "email", "created_at", "updated_at") VALUES ($1, $2, $3, $4) RETURNING "id"[0m  [["username", "Aaron_makkeron"], ["email", "AArod@makers.com"], ["created_at", "2018-09-10 21:42:54.197374"], ["updated_at", "2018-09-10 21:42:54.197374"]]
  [1m[35m (0.7ms)[0m  [1m[35mCOMMIT[0m
  [1m[35m (0.2ms)[0m  [1m[35mBEGIN[0m
  [1m[36mUser Create (0.6ms)[0m  [1m[32mINSERT INTO "users" ("username", "email", "created_at", "updated_at") VALUES ($1, $2, $3, $4) RETURNING "id"[0m  [["username", "Smoker_dryface"], ["email", "360_no_scope@blazers.com"], ["created_at", "2018-09-10 21:43:37.327024"], ["updated_at", "2018-09-10 21:43:37.327024"]]
  [1m[35m (0.5ms)[0m  [1m[35mCOMMIT[0m
  [1m[36mUser Load (17.1ms)[0m  [1m[34mSELECT "users".* FROM "users"[0m
Started GET "/users" for 127.0.0.1 at 2018-09-10 14:45:14 -0700
  [1m[35m (1.7ms)[0m  [1m[34mSELECT "schema_migrations"."version" FROM "schema_migrations" ORDER BY "schema_migrations"."version" ASC[0m
  ↳ /usr/local/var/rbenv/versions/2.3.1/lib/ruby/gems/2.3.0/gems/activerecord-5.2.1/lib/active_record/log_subscriber.rb:98
Processing by UsersController#index as */*
  [1m[36mUser Load (1.0ms)[0m  [1m[34mSELECT "users".* FROM "users"[0m
  ↳ app/controllers/users_controller.rb:4
Completed 200 OK in 59ms (Views: 32.4ms | ActiveRecord: 11.8ms)


Started POST "/users" for 127.0.0.1 at 2018-09-10 14:55:51 -0700
Processing by UsersController#create as */*
  Parameters: {"user"=>{":username"=>"superman", ":email"=>"super@man.com", ":abiity"=>"programmer"}}
Unpermitted parameters: ::username, ::email, ::abiity
  [1m[35m (0.2ms)[0m  [1m[35mBEGIN[0m
  ↳ app/controllers/users_controller.rb:9
  [1m[35m (20.4ms)[0m  [1m[31mROLLBACK[0m
  ↳ app/controllers/users_controller.rb:9
Completed 500 Internal Server Error in 155ms (ActiveRecord: 31.6ms)



NoMethodError - undefined method `full_messeges' for #<ActiveModel::Errors:0x007fbe55082d78>
Did you mean?  full_messages
               full_message:
  app/controllers/users_controller.rb:12:in `create'

Started POST "/users" for 127.0.0.1 at 2018-09-10 14:56:21 -0700
Processing by UsersController#create as */*
  Parameters: {"user"=>{":username"=>"superman", ":email"=>"super@man.com", ":abiity"=>"programmer"}}
Unpermitted parameters: ::username, ::email, ::abiity
  [1m[35m (0.2ms)[0m  [1m[35mBEGIN[0m
  ↳ app/controllers/users_controller.rb:9
  [1m[35m (0.5ms)[0m  [1m[31mROLLBACK[0m
  ↳ app/controllers/users_controller.rb:9
Completed 422 Unprocessable Entity in 30ms (Views: 0.4ms | ActiveRecord: 8.5ms)


Started POST "/users" for 127.0.0.1 at 2018-09-10 14:56:45 -0700
Processing by UsersController#create as */*
  Parameters: {"user"=>{"username"=>"superman", "email"=>"super@man.com", "abiity"=>"programmer"}}
Unpermitted parameter: :abiity
  [1m[35m (0.2ms)[0m  [1m[35mBEGIN[0m
  ↳ app/controllers/users_controller.rb:9
  [1m[36mUser Create (1.7ms)[0m  [1m[32mINSERT INTO "users" ("username", "email", "created_at", "updated_at") VALUES ($1, $2, $3, $4) RETURNING "id"[0m  [["username", "superman"], ["email", "super@man.com"], ["created_at", "2018-09-10 21:56:45.309058"], ["updated_at", "2018-09-10 21:56:45.309058"]]
  ↳ app/controllers/users_controller.rb:9
  [1m[35m (1.0ms)[0m  [1m[35mCOMMIT[0m
  ↳ app/controllers/users_controller.rb:9
Completed 200 OK in 11ms (Views: 1.3ms | ActiveRecord: 3.0ms)


Started POST "/users" for 127.0.0.1 at 2018-09-10 14:57:01 -0700
Processing by UsersController#create as */*
  Parameters: {"user"=>{"username"=>"superman", "email"=>"super@man.com", "abiity"=>"programmer"}}
Unpermitted parameter: :abiity
  [1m[35m (0.2ms)[0m  [1m[35mBEGIN[0m
  ↳ app/controllers/users_controller.rb:9
  [1m[36mUser Create (0.5ms)[0m  [1m[32mINSERT INTO "users" ("username", "email", "created_at", "updated_at") VALUES ($1, $2, $3, $4) RETURNING "id"[0m  [["username", "superman"], ["email", "super@man.com"], ["created_at", "2018-09-10 21:57:01.740988"], ["updated_at", "2018-09-10 21:57:01.740988"]]
  ↳ app/controllers/users_controller.rb:9
  [1m[35m (0.5ms)[0m  [1m[35mCOMMIT[0m
  ↳ app/controllers/users_controller.rb:9
Completed 200 OK in 5ms (Views: 0.5ms | ActiveRecord: 1.2ms)


Started POST "/users" for 127.0.0.1 at 2018-09-10 14:57:32 -0700
Processing by UsersController#create as */*
  Parameters: {"user"=>{"username"=>"", "email"=>"", "abiity"=>"programmer"}}
Unpermitted parameter: :abiity
  [1m[35m (0.2ms)[0m  [1m[35mBEGIN[0m
  ↳ app/controllers/users_controller.rb:9
  [1m[35m (0.3ms)[0m  [1m[31mROLLBACK[0m
  ↳ app/controllers/users_controller.rb:9
Completed 422 Unprocessable Entity in 8ms (Views: 0.3ms | ActiveRecord: 0.5ms)


  [1m[36mUser Load (0.6ms)[0m  [1m[34mSELECT "users".* FROM "users"[0m
Started GET "/users/1" for 127.0.0.1 at 2018-09-10 15:01:40 -0700
Processing by UsersController#show as */*
  Parameters: {"id"=>"1"}
  [1m[36mUser Load (0.6ms)[0m  [1m[34mSELECT  "users".* FROM "users" WHERE "users"."id" = $1 LIMIT $2[0m  [["id", 1], ["LIMIT", 1]]
  ↳ app/controllers/users_controller.rb:17
Completed 200 OK in 33ms (Views: 0.5ms | ActiveRecord: 6.7ms)


Started GET "/users/7" for 127.0.0.1 at 2018-09-10 15:01:54 -0700
Processing by UsersController#show as */*
  Parameters: {"id"=>"7"}
  [1m[36mUser Load (0.5ms)[0m  [1m[34mSELECT  "users".* FROM "users" WHERE "users"."id" = $1 LIMIT $2[0m  [["id", 7], ["LIMIT", 1]]
  ↳ app/controllers/users_controller.rb:17
Completed 404 Not Found in 2ms (ActiveRecord: 0.5ms)



ActiveRecord::RecordNotFound - Couldn't find User with 'id'=7:
  app/controllers/users_controller.rb:17:in `show'

Started GET "/users/7" for 127.0.0.1 at 2018-09-10 15:02:12 -0700
Processing by UsersController#show as HTML
  Parameters: {"id"=>"7"}
  [1m[36mUser Load (0.4ms)[0m  [1m[34mSELECT  "users".* FROM "users" WHERE "users"."id" = $1 LIMIT $2[0m  [["id", 7], ["LIMIT", 1]]
  ↳ app/controllers/users_controller.rb:17
Completed 404 Not Found in 3ms (ActiveRecord: 0.4ms)



ActiveRecord::RecordNotFound - Couldn't find User with 'id'=7:
  app/controllers/users_controller.rb:17:in `show'

Started POST "/__better_errors/f1af7f0d14d5d48c/variables" for 127.0.0.1 at 2018-09-10 15:02:12 -0700
Started POST "/__better_errors/f1af7f0d14d5d48c/eval" for 127.0.0.1 at 2018-09-10 15:02:25 -0700
Started POST "/__better_errors/f1af7f0d14d5d48c/eval" for 127.0.0.1 at 2018-09-10 15:02:29 -0700
Started POST "/__better_errors/f1af7f0d14d5d48c/eval" for 127.0.0.1 at 2018-09-10 15:02:32 -0700
Started PATCH "/users/6" for 127.0.0.1 at 2018-09-10 15:06:46 -0700
Processing by UsersController#update as */*
  Parameters: {"user"=>{"username"=>"Wonder_Woman", "email"=>"wonder@woman.com", "abiity"=>"jumping really high"}, "id"=>"6"}
  [1m[36mUser Load (0.4ms)[0m  [1m[34mSELECT  "users".* FROM "users" WHERE "users"."id" = $1 LIMIT $2[0m  [["id", 6], ["LIMIT", 1]]
  ↳ app/controllers/users_controller.rb:26
Unpermitted parameter: :abiity
  [1m[35m (0.2ms)[0m  [1m[35mBEGIN[0m
  ↳ app/controllers/users_controller.rb:27
  [1m[36mUser Update (37.5ms)[0m  [1m[33mUPDATE "users" SET "email" = $1, "username" = $2, "updated_at" = $3 WHERE "users"."id" = $4[0m  [["email", "wonder@woman.com"], ["username", "Wonder_Woman"], ["updated_at", "2018-09-10 22:06:46.277556"], ["id", 6]]
  ↳ app/controllers/users_controller.rb:27
  [1m[35m (0.6ms)[0m  [1m[35mCOMMIT[0m
  ↳ app/controllers/users_controller.rb:27
Completed 200 OK in 61ms (Views: 0.5ms | ActiveRecord: 45.2ms)


  [1m[36mUser Load (0.5ms)[0m  [1m[34mSELECT "users".* FROM "users"[0m
Started PATCH "/users/7" for 127.0.0.1 at 2018-09-10 15:07:07 -0700
Processing by UsersController#update as */*
  Parameters: {"user"=>{"username"=>"Wonder_Woman", "email"=>"wonder@woman.com", "abiity"=>"jumping really high"}, "id"=>"7"}
  [1m[36mUser Load (0.4ms)[0m  [1m[34mSELECT  "users".* FROM "users" WHERE "users"."id" = $1 LIMIT $2[0m  [["id", 7], ["LIMIT", 1]]
  ↳ app/controllers/users_controller.rb:26
Completed 404 Not Found in 2ms (ActiveRecord: 0.4ms)



ActiveRecord::RecordNotFound - Couldn't find User with 'id'=7:
  app/controllers/users_controller.rb:26:in `update'

Started GET "/users/7" for 127.0.0.1 at 2018-09-10 15:08:46 -0700
Processing by UsersController#show as */*
  Parameters: {"id"=>"7"}
  [1m[36mUser Load (0.4ms)[0m  [1m[34mSELECT  "users".* FROM "users" WHERE "users"."id" = $1 LIMIT $2[0m  [["id", 7], ["LIMIT", 1]]
  ↳ app/controllers/users_controller.rb:17
Completed 404 Not Found in 14ms (ActiveRecord: 5.9ms)



ActiveRecord::RecordNotFound - Couldn't find User with 'id'=7:
  app/controllers/users_controller.rb:17:in `show'

Started DELETE "/users/6" for 127.0.0.1 at 2018-09-10 15:12:43 -0700
Processing by UsersController#destroy as */*
  Parameters: {"user"=>{"username"=>"Wonder_Woman", "email"=>"wonder@woman.com", "abiity"=>"jumping really high"}, "id"=>"6"}
  [1m[36mUser Load (0.3ms)[0m  [1m[34mSELECT  "users".* FROM "users" WHERE "users"."id" = $1 LIMIT $2[0m  [["id", 6], ["LIMIT", 1]]
  ↳ app/controllers/users_controller.rb:35
  [1m[35m (0.2ms)[0m  [1m[35mBEGIN[0m
  ↳ app/controllers/users_controller.rb:37
  [1m[36mUser Destroy (0.5ms)[0m  [1m[31mDELETE FROM "users" WHERE "users"."id" = $1[0m  [["id", 6]]
  ↳ app/controllers/users_controller.rb:37
  [1m[35m (0.6ms)[0m  [1m[35mCOMMIT[0m
  ↳ app/controllers/users_controller.rb:37
  Rendering text template
  Rendered text template (0.0ms)
Completed 200 OK in 20ms (Views: 0.9ms | ActiveRecord: 7.2ms)


  [1m[36mUser Load (0.6ms)[0m  [1m[34mSELECT "users".* FROM "users"[0m
